<?xml version="1.0" encoding="UTF-8"?>
<!-- Generated by org.testng.reporters.JUnitReportReporter -->
<testsuite hostname="L340-GAMING" failures="0" tests="1" name="Testing.RestAssuredProject.SumValidation" time="1.365" errors="0" timestamp="2023-09-23T18:43:45 IST" skipped="0">
  <testcase classname="Testing.RestAssuredProject.SumValidation" name="sumofCourses" time="1.365"/>
</testsuite> <!-- Testing.RestAssuredProject.SumValidation -->
