<?xml version="1.0" encoding="UTF-8"?>
<!-- Generated by org.testng.reporters.JUnitReportReporter -->
<testsuite hostname="L340-GAMING" failures="0" tests="1" name="com.DynamicPayloadStrategies.ExtDataInput" time="2.598" errors="0" timestamp="2023-09-24T16:57:02 IST" skipped="0">
  <testcase classname="com.DynamicPayloadStrategies.ExtDataInput" name="DataInp" time="2.598"/>
</testsuite> <!-- com.DynamicPayloadStrategies.ExtDataInput -->
