<?xml version="1.0" encoding="UTF-8"?>
<!-- Generated by org.testng.reporters.JUnitReportReporter -->
<testsuite hostname="L340-GAMING" failures="0" tests="1" name="com.DynamicPayloadStrategies.DynamicJson" time="2.251" errors="0" timestamp="2023-09-24T15:35:16 IST" skipped="0">
  <testcase classname="com.DynamicPayloadStrategies.DynamicJson" name="addBook" time="2.251"/>
</testsuite> <!-- com.DynamicPayloadStrategies.DynamicJson -->
