<?xml version="1.0" encoding="UTF-8"?>
<!-- Generated by org.testng.reporters.JUnitReportReporter -->
<testsuite hostname="L340-GAMING" failures="0" tests="3" name="com.DynamicPayloadStrategies.ParameterizePayload" time="3.499" errors="0" timestamp="2023-09-29T20:07:55 IST" skipped="0">
  <testcase classname="com.DynamicPayloadStrategies.ParameterizePayload" name="ParaPay" time="0.299"/>
  <testcase classname="com.DynamicPayloadStrategies.ParameterizePayload" name="ParaPay" time="2.951"/>
  <testcase classname="com.DynamicPayloadStrategies.ParameterizePayload" name="ParaPay" time="0.249"/>
</testsuite> <!-- com.DynamicPayloadStrategies.ParameterizePayload -->
